Config:
token: logger
url: https://lichess.org/
engine:
  dir: engines
  name: stockfish.exe
  working_dir: C:\Users\avsad\OneDrive\Desktop\playwithadarsh\lichess-bot
  protocol: uci
  ponder: true
  polyglot:
    enabled: true
    book:
      standard:
      - engines/blackgames.bin
      - engines/AdarshWhiteGames.bin
    min_weight: 0
    selection: best_move
    max_depth: 20
    log: true
  draw_or_resign:
    resign_enabled: false
    resign_score: -1000
    resign_for_egtb_minus_two: true
    resign_moves: 3
    offer_draw_enabled: true
    offer_draw_score: 0
    offer_draw_for_egtb_zero: true
    offer_draw_moves: 10
    offer_draw_pieces: 10
  online_moves:
    max_out_of_book_moves: 10
    max_retries: 2
    chessdb_book:
      enabled: false
      min_time: 20
      move_quality: good
      min_depth: 20
    lichess_cloud_analysis:
      enabled: false
      min_time: 20
      move_quality: best
      max_score_difference: 50
      min_depth: 20
      min_knodes: 0
    lichess_opening_explorer:
      enabled: false
      min_time: 20
      source: player
      player_name: SapotaLegend
      sort: winrate
      min_games: 1
      log: true
    online_egtb:
      enabled: true
      min_time: 20
      max_pieces: 7
      source: lichess
      move_quality: suggest
      log: true
    max_depth: .inf
  lichess_bot_tbs:
    syzygy:
      enabled: false
      paths:
      - engines/syzygy
      max_pieces: 7
      move_quality: best
    gaviota:
      enabled: false
      paths:
      - engines/gaviota
      max_pieces: 5
      min_dtm_to_consider_as_wdl_1: 120
      move_quality: best
  homemade_options: null
  uci_options:
    Move Overhead: 200
    Threads: 4
    Hash: 512
    SyzygyPath: ./syzygy/
    UCI_ShowWDL: true
  silence_stderr: false
  interpreter: null
  interpreter_options: []
  uci_ponder: false
abort_time: 30
fake_think_time: false
rate_limiting_delay: 0
move_overhead: 2000
max_takebacks_accepted: 1
quit_after_all_games_finish: true
correspondence:
  move_time: 10
  checkin_period: 300
  disconnect_time: 150
  ponder: false
  uci_ponder: false
challenge:
  concurrency: 100
  sort_by: best
  preference: none
  accept_bot: true
  only_bot: false
  max_increment: 20
  min_increment: 0
  max_base: 1800
  min_base: 0
  max_days: 14
  min_days: 1
  variants:
  - standard
  time_controls:
  - bullet
  - blitz
  - rapid
  - classical
  modes:
  - casual
  - rated
  max_rematches: 100
  bullet_requires_increment: false
  pgn_directory: bot-games
  pgn_file_grouping: game
  block_list: []
  allow_list: []
matchmaking:
  allow_matchmaking: true
  allow_during_games: true
  challenge_variant: random
  challenge_timeout: 1
  challenge_initial_time:
  - 600
  - 900
  - 1500
  - 1800
  challenge_increment:
  - 3
  - 5
  - 10
  opponent_min_rating: 3000
  opponent_max_rating: 4000
  rating_preference: high
  opponent_allow_tos_violation: false
  challenge_mode: rated
  challenge_filter: coarse
  allow_list:
  - PetersBot
  - RaspFish
  - Karpov_bot
  - Mr-Chess-Berserk
  - SwiggityBOTv1
  - Alehkine_cat
  include_challenge_block_list: false
  block_list: []
  challenge_days:
  - null
  overrides: {}
pgn_directory: null
pgn_file_grouping: game
greeting:
  hello: ''
  hello_spectators: ''
  goodbye: ''
  goodbye_spectators: ''
====================